==30584== Memcheck, a memory error detector
==30584== Copyright (C) 2002-2013, and GNU GPL'd, by Julian Seward et al.
==30584== Using Valgrind-3.10.0.SVN and LibVEX; rerun with -h for copyright info
==30584== Command: ./pa02
==30584== Parent PID: 11699
==30584== 
--30584-- 
--30584-- Valgrind options:
--30584--    --tool=memcheck
--30584--    --leak-check=full
--30584--    --verbose
--30584--    --log-file=memcheck.log
--30584-- Contents of /proc/version:
--30584--   Linux version 3.13.0-35-generic (buildd@panlong) (gcc version 4.8.2 (Ubuntu 4.8.2-19ubuntu1) ) #62-Ubuntu SMP Fri Aug 15 01:58:42 UTC 2014
--30584-- Arch and hwcaps: AMD64, amd64-cx16-rdtscp-sse3
--30584-- Page sizes: currently 4096, max supported 4096
--30584-- Valgrind library directory: /usr/lib/valgrind
--30584-- Reading syms from /home/tatparya/Desktop/ECE264/solutions/ECE264_sol/PA02/pa02
--30584-- Reading syms from /lib/x86_64-linux-gnu/ld-2.19.so
--30584--   Considering /lib/x86_64-linux-gnu/ld-2.19.so ..
--30584--   .. CRC mismatch (computed 4cbae35e wanted 8d683c31)
--30584--   Considering /usr/lib/debug/lib/x86_64-linux-gnu/ld-2.19.so ..
--30584--   .. CRC is valid
--30584-- Reading syms from /usr/lib/valgrind/memcheck-amd64-linux
--30584--   Considering /usr/lib/valgrind/memcheck-amd64-linux ..
--30584--   .. CRC mismatch (computed 37cdde19 wanted adc367dd)
--30584--    object doesn't have a symbol table
--30584--    object doesn't have a dynamic symbol table
--30584-- Scheduler: using generic scheduler lock implementation.
--30584-- Reading suppressions file: /usr/lib/valgrind/default.supp
==30584== embedded gdbserver: reading from /tmp/vgdb-pipe-from-vgdb-to-30584-by-tatparya-on-???
==30584== embedded gdbserver: writing to   /tmp/vgdb-pipe-to-vgdb-from-30584-by-tatparya-on-???
==30584== embedded gdbserver: shared mem   /tmp/vgdb-pipe-shared-mem-vgdb-30584-by-tatparya-on-???
==30584== 
==30584== TO CONTROL THIS PROCESS USING vgdb (which you probably
==30584== don't want to do, unless you know exactly what you're doing,
==30584== or are doing some strange experiment):
==30584==   /usr/lib/valgrind/../../bin/vgdb --pid=30584 ...command...
==30584== 
==30584== TO DEBUG THIS PROCESS USING GDB: start GDB like this
==30584==   /path/to/gdb ./pa02
==30584== and then give GDB the following command
==30584==   target remote | /usr/lib/valgrind/../../bin/vgdb --pid=30584
==30584== --pid is optional if only one valgrind process is running
==30584== 
--30584-- REDIR: 0x4019ca0 (strlen) redirected to 0x38068331 (???)
--30584-- Reading syms from /usr/lib/valgrind/vgpreload_core-amd64-linux.so
--30584--   Considering /usr/lib/valgrind/vgpreload_core-amd64-linux.so ..
--30584--   .. CRC mismatch (computed 329d6860 wanted c0186920)
--30584--    object doesn't have a symbol table
--30584-- Reading syms from /usr/lib/valgrind/vgpreload_memcheck-amd64-linux.so
--30584--   Considering /usr/lib/valgrind/vgpreload_memcheck-amd64-linux.so ..
--30584--   .. CRC mismatch (computed 1fb85af8 wanted 2e9e3c16)
--30584--    object doesn't have a symbol table
==30584== WARNING: new redirection conflicts with existing -- ignoring it
--30584--     old: 0x04019ca0 (strlen              ) R-> (0000.0) 0x38068331 ???
--30584--     new: 0x04019ca0 (strlen              ) R-> (2007.0) 0x04c2e1a0 strlen
--30584-- REDIR: 0x4019a50 (index) redirected to 0x4c2dd50 (index)
--30584-- REDIR: 0x4019c70 (strcmp) redirected to 0x4c2f2f0 (strcmp)
--30584-- REDIR: 0x401a9c0 (mempcpy) redirected to 0x4c31da0 (mempcpy)
--30584-- Reading syms from /lib/x86_64-linux-gnu/libc-2.19.so
--30584--   Considering /lib/x86_64-linux-gnu/libc-2.19.so ..
--30584--   .. CRC mismatch (computed e7228afa wanted 93ff6981)
--30584--   Considering /usr/lib/debug/lib/x86_64-linux-gnu/libc-2.19.so ..
--30584--   .. CRC is valid
--30584-- REDIR: 0x4ec47e0 (strcasecmp) redirected to 0x4a25720 (_vgnU_ifunc_wrapper)
--30584-- REDIR: 0x4ec6ad0 (strncasecmp) redirected to 0x4a25720 (_vgnU_ifunc_wrapper)
--30584-- REDIR: 0x4ec3fb0 (memcpy@GLIBC_2.2.5) redirected to 0x4a25720 (_vgnU_ifunc_wrapper)
--30584-- REDIR: 0x4ec2240 (rindex) redirected to 0x4c2da30 (rindex)
--30584-- REDIR: 0x4ec0540 (strlen) redirected to 0x4c2e0e0 (strlen)
--30584-- REDIR: 0x4ecb540 (strchrnul) redirected to 0x4c319b0 (strchrnul)
==30584== Conditional jump or move depends on uninitialised value(s)
==30584==    at 0x4E828F3: vfprintf (vfprintf.c:1661)
==30584==    by 0x4E8B388: printf (printf.c:33)
==30584==    by 0x400779: main (pa02.c:38)
==30584== 
==30584== Conditional jump or move depends on uninitialised value(s)
==30584==    at 0x4EB1191: _IO_file_xsputn@@GLIBC_2.2.5 (fileops.c:1302)
==30584==    by 0x4E828B4: vfprintf (vfprintf.c:1661)
==30584==    by 0x4E8B388: printf (printf.c:33)
==30584==    by 0x400779: main (pa02.c:38)
==30584== 
==30584== Syscall param write(buf) points to uninitialised byte(s)
==30584==    at 0x4F233B0: __write_nocancel (syscall-template.S:81)
==30584==    by 0x4EB0A82: _IO_file_write@@GLIBC_2.2.5 (fileops.c:1261)
==30584==    by 0x4EB1F5B: _IO_do_write@@GLIBC_2.2.5 (fileops.c:538)
==30584==    by 0x4EB1120: _IO_file_xsputn@@GLIBC_2.2.5 (fileops.c:1332)
==30584==    by 0x4E813D9: vfprintf (vfprintf.c:1692)
==30584==    by 0x4E8B388: printf (printf.c:33)
==30584==    by 0x400779: main (pa02.c:38)
==30584==  Address 0x4025021 is not stack'd, malloc'd or (recently) free'd
==30584== 
==30584== Conditional jump or move depends on uninitialised value(s)
==30584==    at 0x4E828F3: vfprintf (vfprintf.c:1661)
==30584==    by 0x4E8B388: printf (printf.c:33)
==30584==    by 0x4007A9: main (pa02.c:39)
==30584== 
==30584== Conditional jump or move depends on uninitialised value(s)
==30584==    at 0x4EB1191: _IO_file_xsputn@@GLIBC_2.2.5 (fileops.c:1302)
==30584==    by 0x4E828B4: vfprintf (vfprintf.c:1661)
==30584==    by 0x4E8B388: printf (printf.c:33)
==30584==    by 0x4007A9: main (pa02.c:39)
==30584== 
==30584== 
==30584== Process terminating with default action of signal 2 (SIGINT)
==30584==    at 0x400C89: my_strcpy (answer02.c:171)
==30584==    by 0x400882: main (pa02.c:50)
--30584-- REDIR: 0x4eba870 (free) redirected to 0x4c2bd80 (free)
==30584== 
==30584== HEAP SUMMARY:
==30584==     in use at exit: 0 bytes in 0 blocks
==30584==   total heap usage: 0 allocs, 0 frees, 0 bytes allocated
==30584== 
==30584== All heap blocks were freed -- no leaks are possible
==30584== 
==30584== Use --track-origins=yes to see where uninitialised values come from
==30584== ERROR SUMMARY: 8 errors from 5 contexts (suppressed: 0 from 0)
==30584== 
==30584== 1 errors in context 1 of 5:
==30584== Conditional jump or move depends on uninitialised value(s)
==30584==    at 0x4EB1191: _IO_file_xsputn@@GLIBC_2.2.5 (fileops.c:1302)
==30584==    by 0x4E828B4: vfprintf (vfprintf.c:1661)
==30584==    by 0x4E8B388: printf (printf.c:33)
==30584==    by 0x4007A9: main (pa02.c:39)
==30584== 
==30584== 
==30584== 1 errors in context 2 of 5:
==30584== Conditional jump or move depends on uninitialised value(s)
==30584==    at 0x4EB1191: _IO_file_xsputn@@GLIBC_2.2.5 (fileops.c:1302)
==30584==    by 0x4E828B4: vfprintf (vfprintf.c:1661)
==30584==    by 0x4E8B388: printf (printf.c:33)
==30584==    by 0x400779: main (pa02.c:38)
==30584== 
==30584== 
==30584== 2 errors in context 3 of 5:
==30584== Syscall param write(buf) points to uninitialised byte(s)
==30584==    at 0x4F233B0: __write_nocancel (syscall-template.S:81)
==30584==    by 0x4EB0A82: _IO_file_write@@GLIBC_2.2.5 (fileops.c:1261)
==30584==    by 0x4EB1F5B: _IO_do_write@@GLIBC_2.2.5 (fileops.c:538)
==30584==    by 0x4EB1120: _IO_file_xsputn@@GLIBC_2.2.5 (fileops.c:1332)
==30584==    by 0x4E813D9: vfprintf (vfprintf.c:1692)
==30584==    by 0x4E8B388: printf (printf.c:33)
==30584==    by 0x400779: main (pa02.c:38)
==30584==  Address 0x4025021 is not stack'd, malloc'd or (recently) free'd
==30584== 
==30584== 
==30584== 2 errors in context 4 of 5:
==30584== Conditional jump or move depends on uninitialised value(s)
==30584==    at 0x4E828F3: vfprintf (vfprintf.c:1661)
==30584==    by 0x4E8B388: printf (printf.c:33)
==30584==    by 0x4007A9: main (pa02.c:39)
==30584== 
==30584== 
==30584== 2 errors in context 5 of 5:
==30584== Conditional jump or move depends on uninitialised value(s)
==30584==    at 0x4E828F3: vfprintf (vfprintf.c:1661)
==30584==    by 0x4E8B388: printf (printf.c:33)
==30584==    by 0x400779: main (pa02.c:38)
==30584== 
==30584== ERROR SUMMARY: 8 errors from 5 contexts (suppressed: 0 from 0)
