==29083== Memcheck, a memory error detector
==29083== Copyright (C) 2002-2013, and GNU GPL'd, by Julian Seward et al.
==29083== Using Valgrind-3.10.0.SVN and LibVEX; rerun with -h for copyright info
==29083== Command: ./pa03
==29083== Parent PID: 27853
==29083== 
--29083-- 
--29083-- Valgrind options:
--29083--    --tool=memcheck
--29083--    --leak-check=full
--29083--    --verbose
--29083--    --log-file=memcheck.log
--29083-- Contents of /proc/version:
--29083--   Linux version 3.13.0-35-generic (buildd@panlong) (gcc version 4.8.2 (Ubuntu 4.8.2-19ubuntu1) ) #62-Ubuntu SMP Fri Aug 15 01:58:42 UTC 2014
--29083-- Arch and hwcaps: AMD64, amd64-cx16-rdtscp-sse3
--29083-- Page sizes: currently 4096, max supported 4096
--29083-- Valgrind library directory: /usr/lib/valgrind
--29083-- Reading syms from /home/tatparya/Desktop/ECE264/solutions/ECE264_sol/PA03/pa03
--29083-- Reading syms from /lib/x86_64-linux-gnu/ld-2.19.so
--29083--   Considering /lib/x86_64-linux-gnu/ld-2.19.so ..
--29083--   .. CRC mismatch (computed 4cbae35e wanted 8d683c31)
--29083--   Considering /usr/lib/debug/lib/x86_64-linux-gnu/ld-2.19.so ..
--29083--   .. CRC is valid
--29083-- Reading syms from /usr/lib/valgrind/memcheck-amd64-linux
--29083--   Considering /usr/lib/valgrind/memcheck-amd64-linux ..
--29083--   .. CRC mismatch (computed 37cdde19 wanted adc367dd)
--29083--    object doesn't have a symbol table
--29083--    object doesn't have a dynamic symbol table
--29083-- Scheduler: using generic scheduler lock implementation.
--29083-- Reading suppressions file: /usr/lib/valgrind/default.supp
==29083== embedded gdbserver: reading from /tmp/vgdb-pipe-from-vgdb-to-29083-by-tatparya-on-???
==29083== embedded gdbserver: writing to   /tmp/vgdb-pipe-to-vgdb-from-29083-by-tatparya-on-???
==29083== embedded gdbserver: shared mem   /tmp/vgdb-pipe-shared-mem-vgdb-29083-by-tatparya-on-???
==29083== 
==29083== TO CONTROL THIS PROCESS USING vgdb (which you probably
==29083== don't want to do, unless you know exactly what you're doing,
==29083== or are doing some strange experiment):
==29083==   /usr/lib/valgrind/../../bin/vgdb --pid=29083 ...command...
==29083== 
==29083== TO DEBUG THIS PROCESS USING GDB: start GDB like this
==29083==   /path/to/gdb ./pa03
==29083== and then give GDB the following command
==29083==   target remote | /usr/lib/valgrind/../../bin/vgdb --pid=29083
==29083== --pid is optional if only one valgrind process is running
==29083== 
--29083-- REDIR: 0x4019ca0 (strlen) redirected to 0x38068331 (???)
--29083-- Reading syms from /usr/lib/valgrind/vgpreload_core-amd64-linux.so
--29083--   Considering /usr/lib/valgrind/vgpreload_core-amd64-linux.so ..
--29083--   .. CRC mismatch (computed 329d6860 wanted c0186920)
--29083--    object doesn't have a symbol table
--29083-- Reading syms from /usr/lib/valgrind/vgpreload_memcheck-amd64-linux.so
--29083--   Considering /usr/lib/valgrind/vgpreload_memcheck-amd64-linux.so ..
--29083--   .. CRC mismatch (computed 1fb85af8 wanted 2e9e3c16)
--29083--    object doesn't have a symbol table
==29083== WARNING: new redirection conflicts with existing -- ignoring it
--29083--     old: 0x04019ca0 (strlen              ) R-> (0000.0) 0x38068331 ???
--29083--     new: 0x04019ca0 (strlen              ) R-> (2007.0) 0x04c2e1a0 strlen
--29083-- REDIR: 0x4019a50 (index) redirected to 0x4c2dd50 (index)
--29083-- REDIR: 0x4019c70 (strcmp) redirected to 0x4c2f2f0 (strcmp)
--29083-- REDIR: 0x401a9c0 (mempcpy) redirected to 0x4c31da0 (mempcpy)
--29083-- Reading syms from /lib/x86_64-linux-gnu/libc-2.19.so
--29083--   Considering /lib/x86_64-linux-gnu/libc-2.19.so ..
--29083--   .. CRC mismatch (computed e7228afa wanted 93ff6981)
--29083--   Considering /usr/lib/debug/lib/x86_64-linux-gnu/libc-2.19.so ..
--29083--   .. CRC is valid
--29083-- REDIR: 0x4ec47e0 (strcasecmp) redirected to 0x4a25720 (_vgnU_ifunc_wrapper)
--29083-- REDIR: 0x4ec6ad0 (strncasecmp) redirected to 0x4a25720 (_vgnU_ifunc_wrapper)
--29083-- REDIR: 0x4ec3fb0 (memcpy@GLIBC_2.2.5) redirected to 0x4a25720 (_vgnU_ifunc_wrapper)
--29083-- REDIR: 0x4ec2240 (rindex) redirected to 0x4c2da30 (rindex)
--29083-- REDIR: 0x4ebe8a0 (index) redirected to 0x4a25720 (_vgnU_ifunc_wrapper)
--29083-- REDIR: 0x4ebe8d0 (__GI_strchr) redirected to 0x4c2db90 (__GI_strchr)
--29083-- REDIR: 0x4eba1d0 (malloc) redirected to 0x4c2ab10 (malloc)
--29083-- REDIR: 0x4ec91b0 (memcpy@@GLIBC_2.14) redirected to 0x4a25720 (_vgnU_ifunc_wrapper)
--29083-- REDIR: 0x4ecfa50 (__memcpy_sse2_unaligned) redirected to 0x4c2f6b0 (memcpy@@GLIBC_2.14)
==29083== Conditional jump or move depends on uninitialised value(s)
==29083==    at 0x4C2F6C7: memcpy@@GLIBC_2.14 (in /usr/lib/valgrind/vgpreload_memcheck-amd64-linux.so)
==29083==    by 0x4009A9: explode (answer03.c:63)
==29083==    by 0x400771: main (pa03.c:12)
==29083== 
==29083== Conditional jump or move depends on uninitialised value(s)
==29083==    at 0x4C2F6CD: memcpy@@GLIBC_2.14 (in /usr/lib/valgrind/vgpreload_memcheck-amd64-linux.so)
==29083==    by 0x4009A9: explode (answer03.c:63)
==29083==    by 0x400771: main (pa03.c:12)
==29083== 
==29083== Conditional jump or move depends on uninitialised value(s)
==29083==    at 0x4C2F6DA: memcpy@@GLIBC_2.14 (in /usr/lib/valgrind/vgpreload_memcheck-amd64-linux.so)
==29083==    by 0x4009A9: explode (answer03.c:63)
==29083==    by 0x400771: main (pa03.c:12)
==29083== 
==29083== Conditional jump or move depends on uninitialised value(s)
==29083==    at 0x4C2F730: memcpy@@GLIBC_2.14 (in /usr/lib/valgrind/vgpreload_memcheck-amd64-linux.so)
==29083==    by 0x4009A9: explode (answer03.c:63)
==29083==    by 0x400771: main (pa03.c:12)
==29083== 
==29083== Conditional jump or move depends on uninitialised value(s)
==29083==    at 0x4C2F741: memcpy@@GLIBC_2.14 (in /usr/lib/valgrind/vgpreload_memcheck-amd64-linux.so)
==29083==    by 0x4009A9: explode (answer03.c:63)
==29083==    by 0x400771: main (pa03.c:12)
==29083== 
==29083== Use of uninitialised value of size 8
==29083==    at 0x4C2F953: memcpy@@GLIBC_2.14 (in /usr/lib/valgrind/vgpreload_memcheck-amd64-linux.so)
==29083==    by 0x4009A9: explode (answer03.c:63)
==29083==    by 0x400771: main (pa03.c:12)
==29083== 
==29083== Invalid write of size 1
==29083==    at 0x4C2F953: memcpy@@GLIBC_2.14 (in /usr/lib/valgrind/vgpreload_memcheck-amd64-linux.so)
==29083==    by 0x4009A9: explode (answer03.c:63)
==29083==    by 0x400771: main (pa03.c:12)
==29083==  Address 0x0 is not stack'd, malloc'd or (recently) free'd
==29083== 
==29083== 
==29083== Process terminating with default action of signal 11 (SIGSEGV)
==29083==  Access not within mapped region at address 0x0
==29083==    at 0x4C2F953: memcpy@@GLIBC_2.14 (in /usr/lib/valgrind/vgpreload_memcheck-amd64-linux.so)
==29083==    by 0x4009A9: explode (answer03.c:63)
==29083==    by 0x400771: main (pa03.c:12)
==29083==  If you believe this happened as a result of a stack
==29083==  overflow in your program's main thread (unlikely but
==29083==  possible), you can try to increase the size of the
==29083==  main thread stack using the --main-stacksize= flag.
==29083==  The main thread stack size used in this run was 8388608.
--29083-- REDIR: 0x4eba870 (free) redirected to 0x4c2bd80 (free)
==29083== 
==29083== HEAP SUMMARY:
==29083==     in use at exit: 24 bytes in 1 blocks
==29083==   total heap usage: 1 allocs, 0 frees, 24 bytes allocated
==29083== 
==29083== Searching for pointers to 1 not-freed blocks
==29083== Checked 78,376 bytes
==29083== 
==29083== LEAK SUMMARY:
==29083==    definitely lost: 0 bytes in 0 blocks
==29083==    indirectly lost: 0 bytes in 0 blocks
==29083==      possibly lost: 0 bytes in 0 blocks
==29083==    still reachable: 24 bytes in 1 blocks
==29083==         suppressed: 0 bytes in 0 blocks
==29083== Reachable blocks (those to which a pointer was found) are not shown.
==29083== To see them, rerun with: --leak-check=full --show-leak-kinds=all
==29083== 
==29083== Use --track-origins=yes to see where uninitialised values come from
==29083== ERROR SUMMARY: 7 errors from 7 contexts (suppressed: 0 from 0)
==29083== 
==29083== 1 errors in context 1 of 7:
==29083== Invalid write of size 1
==29083==    at 0x4C2F953: memcpy@@GLIBC_2.14 (in /usr/lib/valgrind/vgpreload_memcheck-amd64-linux.so)
==29083==    by 0x4009A9: explode (answer03.c:63)
==29083==    by 0x400771: main (pa03.c:12)
==29083==  Address 0x0 is not stack'd, malloc'd or (recently) free'd
==29083== 
==29083== 
==29083== 1 errors in context 2 of 7:
==29083== Use of uninitialised value of size 8
==29083==    at 0x4C2F953: memcpy@@GLIBC_2.14 (in /usr/lib/valgrind/vgpreload_memcheck-amd64-linux.so)
==29083==    by 0x4009A9: explode (answer03.c:63)
==29083==    by 0x400771: main (pa03.c:12)
==29083== 
==29083== 
==29083== 1 errors in context 3 of 7:
==29083== Conditional jump or move depends on uninitialised value(s)
==29083==    at 0x4C2F741: memcpy@@GLIBC_2.14 (in /usr/lib/valgrind/vgpreload_memcheck-amd64-linux.so)
==29083==    by 0x4009A9: explode (answer03.c:63)
==29083==    by 0x400771: main (pa03.c:12)
==29083== 
==29083== 
==29083== 1 errors in context 4 of 7:
==29083== Conditional jump or move depends on uninitialised value(s)
==29083==    at 0x4C2F730: memcpy@@GLIBC_2.14 (in /usr/lib/valgrind/vgpreload_memcheck-amd64-linux.so)
==29083==    by 0x4009A9: explode (answer03.c:63)
==29083==    by 0x400771: main (pa03.c:12)
==29083== 
==29083== 
==29083== 1 errors in context 5 of 7:
==29083== Conditional jump or move depends on uninitialised value(s)
==29083==    at 0x4C2F6DA: memcpy@@GLIBC_2.14 (in /usr/lib/valgrind/vgpreload_memcheck-amd64-linux.so)
==29083==    by 0x4009A9: explode (answer03.c:63)
==29083==    by 0x400771: main (pa03.c:12)
==29083== 
==29083== 
==29083== 1 errors in context 6 of 7:
==29083== Conditional jump or move depends on uninitialised value(s)
==29083==    at 0x4C2F6CD: memcpy@@GLIBC_2.14 (in /usr/lib/valgrind/vgpreload_memcheck-amd64-linux.so)
==29083==    by 0x4009A9: explode (answer03.c:63)
==29083==    by 0x400771: main (pa03.c:12)
==29083== 
==29083== 
==29083== 1 errors in context 7 of 7:
==29083== Conditional jump or move depends on uninitialised value(s)
==29083==    at 0x4C2F6C7: memcpy@@GLIBC_2.14 (in /usr/lib/valgrind/vgpreload_memcheck-amd64-linux.so)
==29083==    by 0x4009A9: explode (answer03.c:63)
==29083==    by 0x400771: main (pa03.c:12)
==29083== 
==29083== ERROR SUMMARY: 7 errors from 7 contexts (suppressed: 0 from 0)
